
*** Running vivado
    with args -log Test_Anzeige.vds -m64 -product Vivado -mode batch -messageDb vivado.pb -notrace -source Test_Anzeige.tcl



****** Vivado v2025.2 (64-bit)
  **** SW Build 6299465 on Fri Nov 14 19:35:11 GMT 2025
  **** IP Build 6300035 on Fri Nov 14 10:48:45 MST 2025
  **** SharedData Build 6298862 on Thu Nov 13 04:50:51 MST 2025
  **** Start of session at: Thu Apr 16 15:01:04 2026
    ** Copyright 1986-2022 Xilinx, Inc. All Rights Reserved.
    ** Copyright 2022-2025 Advanced Micro Devices, Inc. All Rights Reserved.

source Test_Anzeige.tcl -notrace
create_project: Time (s): cpu = 00:00:09 ; elapsed = 00:00:09 . Memory (MB): peak = 531.031 ; gain = 219.180
Command: synth_design -top Test_Anzeige -part xc7a35tcpg236-1
Starting synth_design
Attempting to get a license for feature 'Synthesis' and/or device 'xc7a35t'
INFO: [Common 17-349] Got license for feature 'Synthesis' and/or device 'xc7a35t'
INFO: [Synth 8-7079] Multithreading enabled for synth_design using a maximum of 2 processes.
INFO: [Synth 8-7078] Launching helper process for spawning children vivado processes
INFO: [Synth 8-7075] Helper process launched with PID 18748
---------------------------------------------------------------------------------
Starting Synthesize : Time (s): cpu = 00:00:05 ; elapsed = 00:00:06 . Memory (MB): peak = 1070.633 ; gain = 534.617
---------------------------------------------------------------------------------
INFO: [Synth 8-638] synthesizing module 'Test_Anzeige' [C:/Users/artoe/Documents/DHBW/Semester IV/Entwurf Digitaler Systeme/3_Prokekt_Labor/EDS-Schachuhr/EDS_Gruppenuhr/EDS_Gruppenuhr.srcs/sources_1/new/Test_Anzeige.vhd:8]
INFO: [Synth 8-3491] module 'schachuhr_displ' declared at 'C:/Users/artoe/Documents/DHBW/Semester IV/Entwurf Digitaler Systeme/3_Prokekt_Labor/EDS-Schachuhr/EDS_Gruppenuhr/EDS_Gruppenuhr.srcs/sources_1/imports/Code Ablage/schachuhr_displ.vhd:5' bound to instance 'DUT' of component 'schachuhr_displ' [C:/Users/artoe/Documents/DHBW/Semester IV/Entwurf Digitaler Systeme/3_Prokekt_Labor/EDS-Schachuhr/EDS_Gruppenuhr/EDS_Gruppenuhr.srcs/sources_1/new/Test_Anzeige.vhd:26]
INFO: [Synth 8-638] synthesizing module 'schachuhr_displ' [C:/Users/artoe/Documents/DHBW/Semester IV/Entwurf Digitaler Systeme/3_Prokekt_Labor/EDS-Schachuhr/EDS_Gruppenuhr/EDS_Gruppenuhr.srcs/sources_1/imports/Code Ablage/schachuhr_displ.vhd:12]
INFO: [Synth 8-226] default block is never used [C:/Users/artoe/Documents/DHBW/Semester IV/Entwurf Digitaler Systeme/3_Prokekt_Labor/EDS-Schachuhr/EDS_Gruppenuhr/EDS_Gruppenuhr.srcs/sources_1/imports/Code Ablage/schachuhr_displ.vhd:78]
INFO: [Synth 8-226] default block is never used [C:/Users/artoe/Documents/DHBW/Semester IV/Entwurf Digitaler Systeme/3_Prokekt_Labor/EDS-Schachuhr/EDS_Gruppenuhr/EDS_Gruppenuhr.srcs/sources_1/imports/Code Ablage/schachuhr_displ.vhd:92]
INFO: [Synth 8-256] done synthesizing module 'schachuhr_displ' (0#1) [C:/Users/artoe/Documents/DHBW/Semester IV/Entwurf Digitaler Systeme/3_Prokekt_Labor/EDS-Schachuhr/EDS_Gruppenuhr/EDS_Gruppenuhr.srcs/sources_1/imports/Code Ablage/schachuhr_displ.vhd:12]
WARNING: [Synth 8-312] ignoring unsynthesizable construct: wait statement with no conditon [C:/Users/artoe/Documents/DHBW/Semester IV/Entwurf Digitaler Systeme/3_Prokekt_Labor/EDS-Schachuhr/EDS_Gruppenuhr/EDS_Gruppenuhr.srcs/sources_1/new/Test_Anzeige.vhd:36]
WARNING: [Synth 8-614] signal 't_Reg_out' is read in the process but is not in the sensitivity list [C:/Users/artoe/Documents/DHBW/Semester IV/Entwurf Digitaler Systeme/3_Prokekt_Labor/EDS-Schachuhr/EDS_Gruppenuhr/EDS_Gruppenuhr.srcs/sources_1/new/Test_Anzeige.vhd:41]
WARNING: [Synth 8-312] ignoring unsynthesizable construct: wait statement with no conditon [C:/Users/artoe/Documents/DHBW/Semester IV/Entwurf Digitaler Systeme/3_Prokekt_Labor/EDS-Schachuhr/EDS_Gruppenuhr/EDS_Gruppenuhr.srcs/sources_1/new/Test_Anzeige.vhd:49]
INFO: [Synth 8-256] done synthesizing module 'Test_Anzeige' (0#1) [C:/Users/artoe/Documents/DHBW/Semester IV/Entwurf Digitaler Systeme/3_Prokekt_Labor/EDS-Schachuhr/EDS_Gruppenuhr/EDS_Gruppenuhr.srcs/sources_1/new/Test_Anzeige.vhd:8]
WARNING: [Synth 8-6014] Unused sequential element Blink_cnt_reg was removed.  [C:/Users/artoe/Documents/DHBW/Semester IV/Entwurf Digitaler Systeme/3_Prokekt_Labor/EDS-Schachuhr/EDS_Gruppenuhr/EDS_Gruppenuhr.srcs/sources_1/imports/Code Ablage/schachuhr_displ.vhd:57]
WARNING: [Synth 8-6014] Unused sequential element Blink_en_reg was removed.  [C:/Users/artoe/Documents/DHBW/Semester IV/Entwurf Digitaler Systeme/3_Prokekt_Labor/EDS-Schachuhr/EDS_Gruppenuhr/EDS_Gruppenuhr.srcs/sources_1/imports/Code Ablage/schachuhr_displ.vhd:59]
WARNING: [Synth 8-6014] Unused sequential element Mux_7_seg_reg was removed.  [C:/Users/artoe/Documents/DHBW/Semester IV/Entwurf Digitaler Systeme/3_Prokekt_Labor/EDS-Schachuhr/EDS_Gruppenuhr/EDS_Gruppenuhr.srcs/sources_1/imports/Code Ablage/schachuhr_displ.vhd:74]
WARNING: [Synth 8-7129] Port Seconds_clk in module schachuhr_displ is either unconnected or has no load
---------------------------------------------------------------------------------
Finished Synthesize : Time (s): cpu = 00:00:06 ; elapsed = 00:00:08 . Memory (MB): peak = 1190.133 ; gain = 654.117
---------------------------------------------------------------------------------
---------------------------------------------------------------------------------
Finished Constraint Validation : Time (s): cpu = 00:00:07 ; elapsed = 00:00:09 . Memory (MB): peak = 1190.133 ; gain = 654.117
---------------------------------------------------------------------------------
---------------------------------------------------------------------------------
Start Loading Part and Timing Information
---------------------------------------------------------------------------------
Loading part: xc7a35tcpg236-1
---------------------------------------------------------------------------------
INFO: [Device 21-403] Loading part xc7a35tcpg236-1
Finished Loading Part and Timing Information : Time (s): cpu = 00:00:07 ; elapsed = 00:00:09 . Memory (MB): peak = 1190.133 ; gain = 654.117
---------------------------------------------------------------------------------
---------------------------------------------------------------------------------
Finished RTL Optimization Phase 2 : Time (s): cpu = 00:00:07 ; elapsed = 00:00:09 . Memory (MB): peak = 1190.133 ; gain = 654.117
---------------------------------------------------------------------------------
No constraint files found.
---------------------------------------------------------------------------------
Start RTL Component Statistics 
---------------------------------------------------------------------------------
Detailed RTL Component Info : 
+---Adders : 
	   2 Input   13 Bit       Adders := 1     
	   2 Input    2 Bit       Adders := 1     
+---Registers : 
	                4 Bit    Registers := 1     
	                2 Bit    Registers := 1     
+---Muxes : 
	   4 Input    4 Bit        Muxes := 1     
---------------------------------------------------------------------------------
Finished RTL Component Statistics 
---------------------------------------------------------------------------------
---------------------------------------------------------------------------------
Start Part Resource Summary
---------------------------------------------------------------------------------
Part Resources:
DSPs: 90 (col length:60)
BRAMs: 100 (col length: RAMB18 60 RAMB36 30)
---------------------------------------------------------------------------------
Finished Part Resource Summary
---------------------------------------------------------------------------------
No constraint files found.
---------------------------------------------------------------------------------
Start Cross Boundary and Area Optimization
---------------------------------------------------------------------------------
---------------------------------------------------------------------------------
Finished Cross Boundary and Area Optimization : Time (s): cpu = 00:00:11 ; elapsed = 00:00:29 . Memory (MB): peak = 1347.535 ; gain = 811.520
---------------------------------------------------------------------------------
No constraint files found.
---------------------------------------------------------------------------------
Start Timing Optimization
---------------------------------------------------------------------------------
---------------------------------------------------------------------------------
Finished Timing Optimization : Time (s): cpu = 00:00:11 ; elapsed = 00:00:29 . Memory (MB): peak = 1372.680 ; gain = 836.664
---------------------------------------------------------------------------------
---------------------------------------------------------------------------------
Start Technology Mapping
---------------------------------------------------------------------------------
---------------------------------------------------------------------------------
Finished Technology Mapping : Time (s): cpu = 00:00:11 ; elapsed = 00:00:29 . Memory (MB): peak = 1372.680 ; gain = 836.664
---------------------------------------------------------------------------------
---------------------------------------------------------------------------------
Start IO Insertion
---------------------------------------------------------------------------------
---------------------------------------------------------------------------------
Start Flattening Before IO Insertion
---------------------------------------------------------------------------------
---------------------------------------------------------------------------------
Finished Flattening Before IO Insertion
---------------------------------------------------------------------------------
---------------------------------------------------------------------------------
Start Final Netlist Cleanup
---------------------------------------------------------------------------------
---------------------------------------------------------------------------------
Finished Final Netlist Cleanup
---------------------------------------------------------------------------------
---------------------------------------------------------------------------------
Finished IO Insertion : Time (s): cpu = 00:00:14 ; elapsed = 00:00:32 . Memory (MB): peak = 1607.922 ; gain = 1071.906
---------------------------------------------------------------------------------
---------------------------------------------------------------------------------
Start Renaming Generated Instances
---------------------------------------------------------------------------------
---------------------------------------------------------------------------------
Finished Renaming Generated Instances : Time (s): cpu = 00:00:14 ; elapsed = 00:00:32 . Memory (MB): peak = 1607.922 ; gain = 1071.906
---------------------------------------------------------------------------------
---------------------------------------------------------------------------------
Start Rebuilding User Hierarchy
---------------------------------------------------------------------------------
---------------------------------------------------------------------------------
Finished Rebuilding User Hierarchy : Time (s): cpu = 00:00:14 ; elapsed = 00:00:32 . Memory (MB): peak = 1607.922 ; gain = 1071.906
---------------------------------------------------------------------------------
---------------------------------------------------------------------------------
Start Renaming Generated Ports
---------------------------------------------------------------------------------
---------------------------------------------------------------------------------
Finished Renaming Generated Ports : Time (s): cpu = 00:00:14 ; elapsed = 00:00:32 . Memory (MB): peak = 1607.922 ; gain = 1071.906
---------------------------------------------------------------------------------
---------------------------------------------------------------------------------
Start Handling Custom Attributes
---------------------------------------------------------------------------------
---------------------------------------------------------------------------------
Finished Handling Custom Attributes : Time (s): cpu = 00:00:14 ; elapsed = 00:00:32 . Memory (MB): peak = 1607.922 ; gain = 1071.906
---------------------------------------------------------------------------------
---------------------------------------------------------------------------------
Start Renaming Generated Nets
---------------------------------------------------------------------------------
---------------------------------------------------------------------------------
Finished Renaming Generated Nets : Time (s): cpu = 00:00:14 ; elapsed = 00:00:32 . Memory (MB): peak = 1607.922 ; gain = 1071.906
---------------------------------------------------------------------------------
---------------------------------------------------------------------------------
Start Writing Synthesis Report
---------------------------------------------------------------------------------

Report BlackBoxes: 
+-+--------------+----------+
| |BlackBox name |Instances |
+-+--------------+----------+
+-+--------------+----------+

Report Cell Usage: 
+-+-----+------+
| |Cell |Count |
+-+-----+------+
+-+-----+------+

Report Instance Areas: 
+------+---------+-------+------+
|      |Instance |Module |Cells |
+------+---------+-------+------+
|1     |top      |       |     0|
+------+---------+-------+------+
---------------------------------------------------------------------------------
Finished Writing Synthesis Report : Time (s): cpu = 00:00:14 ; elapsed = 00:00:32 . Memory (MB): peak = 1607.922 ; gain = 1071.906
---------------------------------------------------------------------------------
Synthesis finished with 0 errors, 0 critical warnings and 7 warnings.
Synthesis Optimization Runtime : Time (s): cpu = 00:00:14 ; elapsed = 00:00:33 . Memory (MB): peak = 1607.922 ; gain = 1071.906
Synthesis Optimization Complete : Time (s): cpu = 00:00:14 ; elapsed = 00:00:33 . Memory (MB): peak = 1607.922 ; gain = 1071.906
INFO: [Project 1-571] Translating synthesized netlist
Netlist sorting complete. Time (s): cpu = 00:00:00 ; elapsed = 00:00:00.001 . Memory (MB): peak = 1608.961 ; gain = 0.000
INFO: [Project 1-570] Preparing netlist for logic optimization
INFO: [Opt 31-138] Pushed 0 inverter(s) to 0 load pin(s).
Netlist sorting complete. Time (s): cpu = 00:00:00 ; elapsed = 00:00:00 . Memory (MB): peak = 1731.402 ; gain = 0.000
INFO: [Project 1-111] Unisim Transformation Summary:
No Unisim elements were transformed.

Synth Design complete | Checksum: 5ca5aabe
INFO: [Common 17-83] Releasing license: Synthesis
17 Infos, 7 Warnings, 0 Critical Warnings and 0 Errors encountered.
synth_design completed successfully
synth_design: Time (s): cpu = 00:00:16 ; elapsed = 00:00:36 . Memory (MB): peak = 1731.402 ; gain = 1200.371
INFO: [Common 17-1381] The checkpoint 'C:/Users/artoe/Documents/DHBW/Semester IV/Entwurf Digitaler Systeme/3_Prokekt_Labor/EDS-Schachuhr/EDS_Gruppenuhr/EDS_Gruppenuhr.runs/synth_1/Test_Anzeige.dcp' has been generated.
INFO: [Vivado 12-24828] Executing command : report_utilization -file Test_Anzeige_utilization_synth.rpt -pb Test_Anzeige_utilization_synth.pb
INFO: [Common 17-206] Exiting Vivado at Thu Apr 16 15:02:01 2026...
